<?xml version="1.0" encoding="UTF-8"?>
<!-- Generated by org.testng.reporters.JUnitReportReporter -->
<testsuite hostname="ManvithsDell" failures="0" tests="1" name="org.google.automation.abc.testcases.SignupScenario" time="9.655" errors="0" timestamp="2023-11-28T16:39:16 EST" skipped="0">
  <testcase classname="org.google.automation.abc.testcases.SignupScenario" name="signupfunc" time="9.655"/>
</testsuite> <!-- org.google.automation.abc.testcases.SignupScenario -->
