<?xml version="1.0" encoding="UTF-8"?>
<!-- Generated by org.testng.reporters.JUnitReportReporter -->
<testsuite hostname="ManvithsDell" failures="0" tests="3" name="org.google.automation.abc.testcases.LoginScenario2_DDF" time="14.071" errors="0" timestamp="2023-11-28T21:55:44 EST" skipped="0">
  <testcase classname="org.google.automation.abc.testcases.LoginScenario2_DDF" name="loginfunc" time="5.978"/>
  <testcase classname="org.google.automation.abc.testcases.LoginScenario2_DDF" name="loginfunc" time="4.009"/>
  <testcase classname="org.google.automation.abc.testcases.LoginScenario2_DDF" name="loginfunc" time="4.084"/>
</testsuite> <!-- org.google.automation.abc.testcases.LoginScenario2_DDF -->
