<?xml version="1.0" encoding="UTF-8"?>
<!-- Generated by org.testng.reporters.JUnitReportReporter -->
<testsuite hostname="ManvithsDell" failures="0" tests="1" name="org.google.automation.abc.testcases.LoginScenario" time="3.074" errors="0" timestamp="2023-11-26T17:56:58 EST" skipped="0">
  <testcase classname="org.google.automation.abc.testcases.LoginScenario" name="loginfunc" time="3.074"/>
</testsuite> <!-- org.google.automation.abc.testcases.LoginScenario -->
